$ ../../spike-build-wfi/spike -l --log-commits -p2 test-wf
warning: tohost and fromhost symbols not in ELF; can't communicate with target
core   0: 0x0000000000001000 (0x00000297) auipc   t0, 0x0
core   0: 3 0x0000000000001000 (0x00000297) x 5 0x0000000000001000
core   0: 0x0000000000001004 (0x02028593) addi    a1, t0, 32
core   0: 3 0x0000000000001004 (0x02028593) x11 0x0000000000001020
core   0: 0x0000000000001008 (0xf1402573) csrr    a0, mhartid
core   0: 3 0x0000000000001008 (0xf1402573) x10 0x0000000000000000
core   0: 0x000000000000100c (0x0182b283) ld      t0, 24(t0)
core   0: 3 0x000000000000100c (0x0182b283) x 5 0x0000000080000000 mem 0x0000000000001018
core   0: 0x0000000000001010 (0x00028067) jr      t0
core   0: 3 0x0000000000001010 (0x00028067)
core   0: >>>>  _start
core   0: 0x0000000080000000 (0x300022f3) csrr    t0, mstatus
core   0: 3 0x0000000080000000 (0x300022f3) x 5 0x0000000a00000000
core   0: 0x0000000080000004 (0x020042b7) lui     t0, 0x2004
core   0: 3 0x0000000080000004 (0x020042b7) x 5 0x0000000002004000
core   0: 0x0000000080000008 (0x0000537d) c.li    t1, -1
core   0: 3 0x0000000080000008 (0x537d) x 6 0xffffffffffffffff
core   0: 0x000000008000000a (0x0062b023) sd      t1, 0(t0)
core   0: 3 0x000000008000000a (0x0062b023) mem 0x0000000002004000 0xffffffffffffffff
core   0: >>>>  switch_thread
core   0: 0x000000008000000e (0xf14022f3) csrr    t0, mhartid
core   0: 3 0x000000008000000e (0xf14022f3) x 5 0x0000000000000000
core   0: 0x0000000080000012 (0x12028463) beqz    t0, pc + 296
core   0: 3 0x0000000080000012 (0x12028463)
core   0: >>>>  thread_master
core   0: 0x000000008000013a (0x00000297) auipc   t0, 0x0
core   0: 3 0x000000008000013a (0x00000297) x 5 0x000000008000013a
core   0: 0x000000008000013e (0x0ee2b283) ld      t0, 238(t0)
core   0: 3 0x000000008000013e (0x0ee2b283) x 5 0x0000000080000018 mem 0x0000000080000228
core   0: 0x0000000080000142 (0x30529073) csrw    mtvec, t0
core   0: 3 0x0000000080000142 (0x30529073) c773_mtvec 0x0000000080000018
core   0: 0x0000000080000146 (0x000042a1) c.li    t0, 8
core   0: 3 0x0000000080000146 (0x42a1) x 5 0x0000000000000008
core   0: 0x0000000080000148 (0x30429073) csrw    mie, t0
core   0: 3 0x0000000080000148 (0x30429073) c772_mie 0x0000000000000008
core   1: 0x0000000000001000 (0x00000297) auipc   t0, 0x0
core   1: 3 0x0000000000001000 (0x00000297) x 5 0x0000000000001000
core   1: 0x0000000000001004 (0x02028593) addi    a1, t0, 32
core   1: 3 0x0000000000001004 (0x02028593) x11 0x0000000000001020
core   1: 0x0000000000001008 (0xf1402573) csrr    a0, mhartid
core   1: 3 0x0000000000001008 (0xf1402573) x10 0x0000000000000001
core   1: 0x000000000000100c (0x0182b283) ld      t0, 24(t0)
core   1: 3 0x000000000000100c (0x0182b283) x 5 0x0000000080000000 mem 0x0000000000001018
core   1: 0x0000000000001010 (0x00028067) jr      t0
core   1: 3 0x0000000000001010 (0x00028067)
core   1: >>>>  _start
core   1: 0x0000000080000000 (0x300022f3) csrr    t0, mstatus
core   1: 3 0x0000000080000000 (0x300022f3) x 5 0x0000000a00000000
core   1: 0x0000000080000004 (0x020042b7) lui     t0, 0x2004
core   1: 3 0x0000000080000004 (0x020042b7) x 5 0x0000000002004000
core   1: 0x0000000080000008 (0x0000537d) c.li    t1, -1
core   1: 3 0x0000000080000008 (0x537d) x 6 0xffffffffffffffff
core   1: 0x000000008000000a (0x0062b023) sd      t1, 0(t0)
core   1: 3 0x000000008000000a (0x0062b023) mem 0x0000000002004000 0xffffffffffffffff
core   1: >>>>  switch_thread
core   1: 0x000000008000000e (0xf14022f3) csrr    t0, mhartid
core   1: 3 0x000000008000000e (0xf14022f3) x 5 0x0000000000000001
core   1: 0x0000000080000012 (0x12028463) beqz    t0, pc + 296
core   1: 3 0x0000000080000012 (0x12028463)
core   1: 0x0000000080000016 (0x0000a015) c.j     pc + 36
core   1: 3 0x0000000080000016 (0xa015)
core   1: >>>>  thread_slave
core   1: 0x000000008000003a (0x00050513) mv      a0, a0
core   1: 3 0x000000008000003a (0x00050513) x10 0x0000000000000001
core   1: 0x000000008000003e (0x00000585) c.addi  a1, 1
core   1: 3 0x000000008000003e (0x0585) x11 0x0000000000001021
core   1: 0x0000000080000040 (0x00000609) c.addi  a2, 2
core   1: 3 0x0000000080000040 (0x0609) x12 0x0000000000000002
core   1: 0x0000000080000042 (0x0000068d) c.addi  a3, 3
core   1: 3 0x0000000080000042 (0x068d) x13 0x0000000000000003
core   0: 0x000000008000014c (0x00000001) c.nop
core   0: 3 0x000000008000014c (0x0001)
core   0: 0x000000008000014e (0x300022f3) csrr    t0, mstatus
core   0: 3 0x000000008000014e (0x300022f3) x 5 0x0000000a00000000
core   0: 0x0000000080000152 (0x00004321) c.li    t1, 8
core   0: 3 0x0000000080000152 (0x4321) x 6 0x0000000000000008
core   0: 0x0000000080000154 (0x0062e2b3) or      t0, t0, t1
core   0: 3 0x0000000080000154 (0x0062e2b3) x 5 0x0000000a00000008
core   0: 0x0000000080000158 (0x30029073) csrw    mstatus, t0
core   0: 3 0x0000000080000158 (0x30029073) c768_mstatus 0x0000000a00000008
core   0: 0x000000008000015c (0x00050513) mv      a0, a0
core   0: 3 0x000000008000015c (0x00050513) x10 0x0000000000000000
core   0: 0x0000000080000160 (0x00000585) c.addi  a1, 1
core   0: 3 0x0000000080000160 (0x0585) x11 0x0000000000001021
core   0: 0x0000000080000162 (0x00000609) c.addi  a2, 2
core   0: 3 0x0000000080000162 (0x0609) x12 0x0000000000000002
core   0: 0x0000000080000164 (0x0000068d) c.addi  a3, 3
core   0: 3 0x0000000080000164 (0x068d) x13 0x0000000000000003
core   0: 0x0000000080000166 (0x00000711) c.addi  a4, 4
core   0: 3 0x0000000080000166 (0x0711) x14 0x0000000000000004
core   0: 0x0000000080000168 (0x00000795) c.addi  a5, 5
core   0: 3 0x0000000080000168 (0x0795) x15 0x0000000000000005
core   0: 0x000000008000016a (0x00000819) c.addi  a6, 6
core   0: 3 0x000000008000016a (0x0819) x16 0x0000000000000006
core   0: 0x000000008000016c (0x0000089d) c.addi  a7, 7
core   0: 3 0x000000008000016c (0x089d) x17 0x0000000000000007
core   0: 0x000000008000016e (0x00000001) c.nop
core   0: 3 0x000000008000016e (0x0001)
core   0: 0x0000000080000170 (0x10500073) wfi
core   0: 3 0x0000000080000170 (0x10500073)
core   1: 0x0000000080000044 (0x00000711) c.addi  a4, 4
core   1: 3 0x0000000080000044 (0x0711) x14 0x0000000000000004
core   1: 0x0000000080000046 (0x00000795) c.addi  a5, 5
core   1: 3 0x0000000080000046 (0x0795) x15 0x0000000000000005
core   1: 0x0000000080000048 (0x00000819) c.addi  a6, 6
core   1: 3 0x0000000080000048 (0x0819) x16 0x0000000000000006
core   1: 0x000000008000004a (0x0000089d) c.addi  a7, 7
core   1: 3 0x000000008000004a (0x089d) x17 0x0000000000000007
core   1: 0x000000008000004c (0x00050513) mv      a0, a0
core   1: 3 0x000000008000004c (0x00050513) x10 0x0000000000000001
core   1: 0x0000000080000050 (0x00000585) c.addi  a1, 1
core   1: 3 0x0000000080000050 (0x0585) x11 0x0000000000001022
core   1: 0x0000000080000052 (0x00000609) c.addi  a2, 2
core   1: 3 0x0000000080000052 (0x0609) x12 0x0000000000000004
core   1: 0x0000000080000054 (0x0000068d) c.addi  a3, 3
core   1: 3 0x0000000080000054 (0x068d) x13 0x0000000000000006
core   1: 0x0000000080000056 (0x00000711) c.addi  a4, 4
core   1: 3 0x0000000080000056 (0x0711) x14 0x0000000000000008
core   1: 0x0000000080000058 (0x00000795) c.addi  a5, 5
core   1: 3 0x0000000080000058 (0x0795) x15 0x000000000000000a
core   1: 0x000000008000005a (0x00000819) c.addi  a6, 6
core   1: 3 0x000000008000005a (0x0819) x16 0x000000000000000c
core   1: 0x000000008000005c (0x0000089d) c.addi  a7, 7
core   1: 3 0x000000008000005c (0x089d) x17 0x000000000000000e
core   1: 0x000000008000005e (0x00050513) mv      a0, a0
core   1: 3 0x000000008000005e (0x00050513) x10 0x0000000000000001
core   1: 0x0000000080000062 (0x00000585) c.addi  a1, 1
core   1: 3 0x0000000080000062 (0x0585) x11 0x0000000000001023
core   1: 0x0000000080000064 (0x00000609) c.addi  a2, 2
core   1: 3 0x0000000080000064 (0x0609) x12 0x0000000000000006
core   1: 0x0000000080000066 (0x0000068d) c.addi  a3, 3
core   1: 3 0x0000000080000066 (0x068d) x13 0x0000000000000009
core   1: 0x0000000080000068 (0x00000711) c.addi  a4, 4
core   1: 3 0x0000000080000068 (0x0711) x14 0x000000000000000c
core   1: 0x000000008000006a (0x00000795) c.addi  a5, 5
core   1: 3 0x000000008000006a (0x0795) x15 0x000000000000000f
core   1: 0x000000008000006c (0x00000819) c.addi  a6, 6
core   1: 3 0x000000008000006c (0x0819) x16 0x0000000000000012
core   1: 0x000000008000006e (0x0000089d) c.addi  a7, 7
core   1: 3 0x000000008000006e (0x089d) x17 0x0000000000000015
core   1: 0x0000000080000070 (0x00050513) mv      a0, a0
core   1: 3 0x0000000080000070 (0x00050513) x10 0x0000000000000001
core   1: 0x0000000080000074 (0x00000585) c.addi  a1, 1
core   1: 3 0x0000000080000074 (0x0585) x11 0x0000000000001024
core   1: 0x0000000080000076 (0x00000609) c.addi  a2, 2
core   1: 3 0x0000000080000076 (0x0609) x12 0x0000000000000008
core   1: 0x0000000080000078 (0x0000068d) c.addi  a3, 3
core   1: 3 0x0000000080000078 (0x068d) x13 0x000000000000000c
core   1: 0x000000008000007a (0x00000711) c.addi  a4, 4
core   1: 3 0x000000008000007a (0x0711) x14 0x0000000000000010
core   1: 0x000000008000007c (0x00000795) c.addi  a5, 5
core   1: 3 0x000000008000007c (0x0795) x15 0x0000000000000014
core   1: 0x000000008000007e (0x00000819) c.addi  a6, 6
core   1: 3 0x000000008000007e (0x0819) x16 0x0000000000000018
core   1: 0x0000000080000080 (0x0000089d) c.addi  a7, 7
core   1: 3 0x0000000080000080 (0x089d) x17 0x000000000000001c
core   1: 0x0000000080000082 (0x00050513) mv      a0, a0
core   1: 3 0x0000000080000082 (0x00050513) x10 0x0000000000000001
core   1: 0x0000000080000086 (0x00000585) c.addi  a1, 1
core   1: 3 0x0000000080000086 (0x0585) x11 0x0000000000001025
core   1: 0x0000000080000088 (0x00000609) c.addi  a2, 2
core   1: 3 0x0000000080000088 (0x0609) x12 0x000000000000000a
core   1: 0x000000008000008a (0x0000068d) c.addi  a3, 3
core   1: 3 0x000000008000008a (0x068d) x13 0x000000000000000f
core   1: 0x000000008000008c (0x00000711) c.addi  a4, 4
core   1: 3 0x000000008000008c (0x0711) x14 0x0000000000000014
core   1: 0x000000008000008e (0x00000795) c.addi  a5, 5
core   1: 3 0x000000008000008e (0x0795) x15 0x0000000000000019
core   1: 0x0000000080000090 (0x00000819) c.addi  a6, 6
core   1: 3 0x0000000080000090 (0x0819) x16 0x000000000000001e
core   1: 0x0000000080000092 (0x0000089d) c.addi  a7, 7
core   1: 3 0x0000000080000092 (0x089d) x17 0x0000000000000023
core   1: 0x0000000080000094 (0x00050513) mv      a0, a0
core   1: 3 0x0000000080000094 (0x00050513) x10 0x0000000000000001
core   1: 0x0000000080000098 (0x00000585) c.addi  a1, 1
core   1: 3 0x0000000080000098 (0x0585) x11 0x0000000000001026
core   1: 0x000000008000009a (0x00000609) c.addi  a2, 2
core   1: 3 0x000000008000009a (0x0609) x12 0x000000000000000c
core   1: 0x000000008000009c (0x0000068d) c.addi  a3, 3
core   1: 3 0x000000008000009c (0x068d) x13 0x0000000000000012
core   1: 0x000000008000009e (0x00000711) c.addi  a4, 4
core   1: 3 0x000000008000009e (0x0711) x14 0x0000000000000018
core   1: 0x00000000800000a0 (0x00000795) c.addi  a5, 5
core   1: 3 0x00000000800000a0 (0x0795) x15 0x000000000000001e
core   1: 0x00000000800000a2 (0x00000819) c.addi  a6, 6
core   1: 3 0x00000000800000a2 (0x0819) x16 0x0000000000000024
core   1: 0x00000000800000a4 (0x0000089d) c.addi  a7, 7
core   1: 3 0x00000000800000a4 (0x089d) x17 0x000000000000002a
core   1: >>>>  slave_send_ipi_1st
core   1: 0x00000000800000a6 (0x020002b7) lui     t0, 0x2000
core   1: 3 0x00000000800000a6 (0x020002b7) x 5 0x0000000002000000
core   1: 0x00000000800000aa (0x00004305) c.li    t1, 1
core   1: 3 0x00000000800000aa (0x4305) x 6 0x0000000000000001
core   1: 0x00000000800000ac (0x0062b023) sd      t1, 0(t0)
core   1: 3 0x00000000800000ac (0x0062b023) mem 0x0000000002000000 0x0000000000000001
core   1: 0x00000000800000b0 (0x00050513) mv      a0, a0
core   1: 3 0x00000000800000b0 (0x00050513) x10 0x0000000000000001
core   0: exception interrupt #3, epc 0x0000000080000174
core   1: 0x00000000800000b4 (0x00000585) c.addi  a1, 1
core   1: 3 0x00000000800000b4 (0x0585) x11 0x0000000000001027
core   1: 0x00000000800000b6 (0x00000609) c.addi  a2, 2
core   1: 3 0x00000000800000b6 (0x0609) x12 0x000000000000000e
core   1: 0x00000000800000b8 (0x0000068d) c.addi  a3, 3
core   1: 3 0x00000000800000b8 (0x068d) x13 0x0000000000000015
core   1: 0x00000000800000ba (0x00000711) c.addi  a4, 4
core   1: 3 0x00000000800000ba (0x0711) x14 0x000000000000001c
core   1: 0x00000000800000bc (0x00000795) c.addi  a5, 5
core   1: 3 0x00000000800000bc (0x0795) x15 0x0000000000000023
core   1: 0x00000000800000be (0x00000819) c.addi  a6, 6
core   1: 3 0x00000000800000be (0x0819) x16 0x000000000000002a
core   1: 0x00000000800000c0 (0x0000089d) c.addi  a7, 7
core   1: 3 0x00000000800000c0 (0x089d) x17 0x0000000000000031
core   1: 0x00000000800000c2 (0x00050513) mv      a0, a0
core   1: 3 0x00000000800000c2 (0x00050513) x10 0x0000000000000001
core   1: 0x00000000800000c6 (0x00000585) c.addi  a1, 1
core   1: 3 0x00000000800000c6 (0x0585) x11 0x0000000000001028
core   1: 0x00000000800000c8 (0x00000609) c.addi  a2, 2
core   1: 3 0x00000000800000c8 (0x0609) x12 0x0000000000000010
core   1: 0x00000000800000ca (0x0000068d) c.addi  a3, 3
core   1: 3 0x00000000800000ca (0x068d) x13 0x0000000000000018
core   1: 0x00000000800000cc (0x00000711) c.addi  a4, 4
core   1: 3 0x00000000800000cc (0x0711) x14 0x0000000000000020
core   1: 0x00000000800000ce (0x00000795) c.addi  a5, 5
core   1: 3 0x00000000800000ce (0x0795) x15 0x0000000000000028
core   1: 0x00000000800000d0 (0x00000819) c.addi  a6, 6
core   1: 3 0x00000000800000d0 (0x0819) x16 0x0000000000000030
core   1: 0x00000000800000d2 (0x0000089d) c.addi  a7, 7
core   1: 3 0x00000000800000d2 (0x089d) x17 0x0000000000000038
core   1: 0x00000000800000d4 (0x00050513) mv      a0, a0
core   1: 3 0x00000000800000d4 (0x00050513) x10 0x0000000000000001
core   0: >>>>  interrupt_handler
core   0: 0x0000000080000018 (0x300022f3) csrr    t0, mstatus
core   0: 3 0x0000000080000018 (0x300022f3) x 5 0x0000000a00001880
core   0: 0x000000008000001c (0x34402573) csrr    a0, mip
core   0: 3 0x000000008000001c (0x34402573) x10 0x0000000000000008
core   0: 0x0000000080000020 (0x342025f3) csrr    a1, mcause
core   0: 3 0x0000000080000020 (0x342025f3) x11 0x8000000000000003
core   0: 0x0000000080000024 (0x34102573) csrr    a0, mepc
core   0: 3 0x0000000080000024 (0x34102573) x10 0x0000000080000174
core   0: 0x0000000080000028 (0x020002b7) lui     t0, 0x2000
core   0: 3 0x0000000080000028 (0x020002b7) x 5 0x0000000002000000
core   0: 0x000000008000002c (0x00004301) c.li    t1, 0
core   0: 3 0x000000008000002c (0x4301) x 6 0x0000000000000000
core   0: 0x000000008000002e (0x0062b023) sd      t1, 0(t0)
core   0: 3 0x000000008000002e (0x0062b023) mem 0x0000000002000000 0x0000000000000000
core   0: 0x0000000080000032 (0x34402573) csrr    a0, mip
core   0: 3 0x0000000080000032 (0x34402573) x10 0x0000000000000000
core   0: 0x0000000080000036 (0x30200073) mret
core   0: 3 0x0000000080000036 (0x30200073) c768_mstatus 0x0000000a00000088
core   0: 0x0000000080000174 (0x00000305) c.addi  t1, 1
core   0: 3 0x0000000080000174 (0x0305) x 6 0x0000000000000001
core   0: 0x0000000080000176 (0x00000389) c.addi  t2, 2
core   0: 3 0x0000000080000176 (0x0389) x 7 0x0000000000000002
core   0: 0x0000000080000178 (0x00000e0d) c.addi  t3, 3
core   0: 3 0x0000000080000178 (0x0e0d) x28 0x0000000000000003
core   0: 0x000000008000017a (0x300022f3) csrr    t0, mstatus
core   0: 3 0x000000008000017a (0x300022f3) x 5 0x0000000a00000088
core   0: 0x000000008000017e (0x344022f3) csrr    t0, mip
core   0: 3 0x000000008000017e (0x344022f3) x 5 0x0000000000000000
core   0: 0x0000000080000182 (0x342022f3) csrr    t0, mcause
core   0: 3 0x0000000080000182 (0x342022f3) x 5 0x8000000000000003
core   0: 0x0000000080000186 (0x341022f3) csrr    t0, mepc
core   0: 3 0x0000000080000186 (0x341022f3) x 5 0x0000000080000174
core   1: 0x00000000800000d8 (0x00000585) c.addi  a1, 1
core   1: 3 0x00000000800000d8 (0x0585) x11 0x0000000000001029
core   1: 0x00000000800000da (0x00000609) c.addi  a2, 2
core   1: 3 0x00000000800000da (0x0609) x12 0x0000000000000012
core   1: 0x00000000800000dc (0x0000068d) c.addi  a3, 3
core   1: 3 0x00000000800000dc (0x068d) x13 0x000000000000001b
core   1: 0x00000000800000de (0x00000711) c.addi  a4, 4
core   1: 3 0x00000000800000de (0x0711) x14 0x0000000000000024
core   1: 0x00000000800000e0 (0x00000795) c.addi  a5, 5
core   1: 3 0x00000000800000e0 (0x0795) x15 0x000000000000002d
core   1: 0x00000000800000e2 (0x00000819) c.addi  a6, 6
core   1: 3 0x00000000800000e2 (0x0819) x16 0x0000000000000036
core   1: 0x00000000800000e4 (0x0000089d) c.addi  a7, 7
core   1: 3 0x00000000800000e4 (0x089d) x17 0x000000000000003f
core   1: 0x00000000800000e6 (0x00050513) mv      a0, a0
core   1: 3 0x00000000800000e6 (0x00050513) x10 0x0000000000000001
core   1: 0x00000000800000ea (0x00000585) c.addi  a1, 1
core   1: 3 0x00000000800000ea (0x0585) x11 0x000000000000102a
core   1: 0x00000000800000ec (0x00000609) c.addi  a2, 2
core   1: 3 0x00000000800000ec (0x0609) x12 0x0000000000000014
core   1: 0x00000000800000ee (0x0000068d) c.addi  a3, 3
core   1: 3 0x00000000800000ee (0x068d) x13 0x000000000000001e
core   1: 0x00000000800000f0 (0x00000711) c.addi  a4, 4
core   1: 3 0x00000000800000f0 (0x0711) x14 0x0000000000000028
core   1: 0x00000000800000f2 (0x00000795) c.addi  a5, 5
core   1: 3 0x00000000800000f2 (0x0795) x15 0x0000000000000032
core   1: 0x00000000800000f4 (0x00000819) c.addi  a6, 6
core   1: 3 0x00000000800000f4 (0x0819) x16 0x000000000000003c
core   1: 0x00000000800000f6 (0x0000089d) c.addi  a7, 7
core   1: 3 0x00000000800000f6 (0x089d) x17 0x0000000000000046
core   1: 0x00000000800000f8 (0x00050513) mv      a0, a0
core   1: 3 0x00000000800000f8 (0x00050513) x10 0x0000000000000001
core   0: 0x000000008000018a (0x00000001) c.nop
core   0: 3 0x000000008000018a (0x0001)
core   0: 0x000000008000018c (0x300022f3) csrr    t0, mstatus
core   0: 3 0x000000008000018c (0x300022f3) x 5 0x0000000a00000088
core   0: 0x0000000080000190 (0x0000535d) c.li    t1, -9
core   0: 3 0x0000000080000190 (0x535d) x 6 0xfffffffffffffff7
core   0: 0x0000000080000192 (0x0062f2b3) and     t0, t0, t1
core   0: 3 0x0000000080000192 (0x0062f2b3) x 5 0x0000000a00000080
core   0: 0x0000000080000196 (0x30029073) csrw    mstatus, t0
core   0: 3 0x0000000080000196 (0x30029073) c768_mstatus 0x0000000a00000080
core   0: 0x000000008000019a (0x00050513) mv      a0, a0
core   0: 3 0x000000008000019a (0x00050513) x10 0x0000000000000000
core   0: 0x000000008000019e (0x00000585) c.addi  a1, 1
core   0: 3 0x000000008000019e (0x0585) x11 0x8000000000000004
core   0: 0x00000000800001a0 (0x00000609) c.addi  a2, 2
core   0: 3 0x00000000800001a0 (0x0609) x12 0x0000000000000004
core   0: 0x00000000800001a2 (0x0000068d) c.addi  a3, 3
core   0: 3 0x00000000800001a2 (0x068d) x13 0x0000000000000006
core   0: 0x00000000800001a4 (0x00000711) c.addi  a4, 4
core   0: 3 0x00000000800001a4 (0x0711) x14 0x0000000000000008
core   0: 0x00000000800001a6 (0x00000795) c.addi  a5, 5
core   0: 3 0x00000000800001a6 (0x0795) x15 0x000000000000000a
core   0: 0x00000000800001a8 (0x00000819) c.addi  a6, 6
core   0: 3 0x00000000800001a8 (0x0819) x16 0x000000000000000c
core   0: 0x00000000800001aa (0x0000089d) c.addi  a7, 7
core   0: 3 0x00000000800001aa (0x089d) x17 0x000000000000000e
core   0: 0x00000000800001ac (0x00000001) c.nop
core   0: 3 0x00000000800001ac (0x0001)
core   0: 0x00000000800001ae (0x10500073) wfi
core   0: 3 0x00000000800001ae (0x10500073)
core   1: 0x00000000800000fc (0x00000585) c.addi  a1, 1
core   1: 3 0x00000000800000fc (0x0585) x11 0x000000000000102b
core   1: 0x00000000800000fe (0x00000609) c.addi  a2, 2
core   1: 3 0x00000000800000fe (0x0609) x12 0x0000000000000016
core   1: 0x0000000080000100 (0x0000068d) c.addi  a3, 3
core   1: 3 0x0000000080000100 (0x068d) x13 0x0000000000000021
core   1: 0x0000000080000102 (0x00000711) c.addi  a4, 4
core   1: 3 0x0000000080000102 (0x0711) x14 0x000000000000002c
core   1: 0x0000000080000104 (0x00000795) c.addi  a5, 5
core   1: 3 0x0000000080000104 (0x0795) x15 0x0000000000000037
core   1: 0x0000000080000106 (0x00000819) c.addi  a6, 6
core   1: 3 0x0000000080000106 (0x0819) x16 0x0000000000000042
core   1: 0x0000000080000108 (0x0000089d) c.addi  a7, 7
core   1: 3 0x0000000080000108 (0x089d) x17 0x000000000000004d
core   1: >>>>  slave_send_ipi_2nd
core   1: 0x000000008000010a (0x020002b7) lui     t0, 0x2000
core   1: 3 0x000000008000010a (0x020002b7) x 5 0x0000000002000000
core   1: 0x000000008000010e (0x00004305) c.li    t1, 1
core   1: 3 0x000000008000010e (0x4305) x 6 0x0000000000000001
core   1: 0x0000000080000110 (0x0062b023) sd      t1, 0(t0)
core   1: 3 0x0000000080000110 (0x0062b023) mem 0x0000000002000000 0x0000000000000001
core   1: 0x0000000080000114 (0x00050513) mv      a0, a0
core   1: 3 0x0000000080000114 (0x00050513) x10 0x0000000000000001
core   1: 0x0000000080000118 (0x00000585) c.addi  a1, 1
core   1: 3 0x0000000080000118 (0x0585) x11 0x000000000000102c
core   1: 0x000000008000011a (0x00000609) c.addi  a2, 2
core   1: 3 0x000000008000011a (0x0609) x12 0x0000000000000018
core   1: 0x000000008000011c (0x0000068d) c.addi  a3, 3
core   1: 3 0x000000008000011c (0x068d) x13 0x0000000000000024
core   1: 0x000000008000011e (0x00000711) c.addi  a4, 4
core   1: 3 0x000000008000011e (0x0711) x14 0x0000000000000030
core   1: 0x0000000080000120 (0x00000795) c.addi  a5, 5
core   1: 3 0x0000000080000120 (0x0795) x15 0x000000000000003c
core   0: 0x00000000800001b2 (0x00000305) c.addi  t1, 1
core   0: 3 0x00000000800001b2 (0x0305) x 6 0xfffffffffffffff8
core   0: 0x00000000800001b4 (0x00000389) c.addi  t2, 2
core   0: 3 0x00000000800001b4 (0x0389) x 7 0x0000000000000004
core   0: 0x00000000800001b6 (0x00000e0d) c.addi  t3, 3
core   0: 3 0x00000000800001b6 (0x0e0d) x28 0x0000000000000006
core   0: 0x00000000800001b8 (0x300022f3) csrr    t0, mstatus
core   0: 3 0x00000000800001b8 (0x300022f3) x 5 0x0000000a00000080
core   0: 0x00000000800001bc (0x344022f3) csrr    t0, mip
core   0: 3 0x00000000800001bc (0x344022f3) x 5 0x0000000000000008
core   0: 0x00000000800001c0 (0x342022f3) csrr    t0, mcause
core   0: 3 0x00000000800001c0 (0x342022f3) x 5 0x8000000000000003
core   0: 0x00000000800001c4 (0x341022f3) csrr    t0, mepc
core   0: 3 0x00000000800001c4 (0x341022f3) x 5 0x0000000080000174
core   0: 0x00000000800001c8 (0x00000001) c.nop
core   0: 3 0x00000000800001c8 (0x0001)
core   0: 0x00000000800001ca (0x020002b7) lui     t0, 0x2000
core   0: 3 0x00000000800001ca (0x020002b7) x 5 0x0000000002000000
core   0: 0x00000000800001ce (0x00004301) c.li    t1, 0
core   0: 3 0x00000000800001ce (0x4301) x 6 0x0000000000000000
core   0: 0x00000000800001d0 (0x0062b023) sd      t1, 0(t0)
core   0: 3 0x00000000800001d0 (0x0062b023) mem 0x0000000002000000 0x0000000000000000
core   0: 0x00000000800001d4 (0x300022f3) csrr    t0, mstatus
core   0: 3 0x00000000800001d4 (0x300022f3) x 5 0x0000000a00000080
core   0: 0x00000000800001d8 (0x0000535d) c.li    t1, -9
core   0: 3 0x00000000800001d8 (0x535d) x 6 0xfffffffffffffff7
core   0: 0x00000000800001da (0x0062f2b3) and     t0, t0, t1
core   0: 3 0x00000000800001da (0x0062f2b3) x 5 0x0000000a00000080
core   0: 0x00000000800001de (0x30029073) csrw    mstatus, t0
core   0: 3 0x00000000800001de (0x30029073) c768_mstatus 0x0000000a00000080
core   0: 0x00000000800001e2 (0x00050513) mv      a0, a0
core   0: 3 0x00000000800001e2 (0x00050513) x10 0x0000000000000000
core   1: 0x0000000080000122 (0x00000819) c.addi  a6, 6
core   1: 3 0x0000000080000122 (0x0819) x16 0x0000000000000048
core   1: 0x0000000080000124 (0x0000089d) c.addi  a7, 7
core   1: 3 0x0000000080000124 (0x089d) x17 0x0000000000000054
core   1: 0x0000000080000126 (0x00050513) mv      a0, a0
core   1: 3 0x0000000080000126 (0x00050513) x10 0x0000000000000001
core   1: 0x000000008000012a (0x00000585) c.addi  a1, 1
core   1: 3 0x000000008000012a (0x0585) x11 0x000000000000102d
core   1: 0x000000008000012c (0x00000609) c.addi  a2, 2
core   1: 3 0x000000008000012c (0x0609) x12 0x000000000000001a
core   1: 0x000000008000012e (0x0000068d) c.addi  a3, 3
core   1: 3 0x000000008000012e (0x068d) x13 0x0000000000000027
core   1: 0x0000000080000130 (0x00000711) c.addi  a4, 4
core   1: 3 0x0000000080000130 (0x0711) x14 0x0000000000000034
core   1: 0x0000000080000132 (0x00000795) c.addi  a5, 5
core   1: 3 0x0000000080000132 (0x0795) x15 0x0000000000000041
core   1: 0x0000000080000134 (0x00000819) c.addi  a6, 6
core   1: 3 0x0000000080000134 (0x0819) x16 0x000000000000004e
core   1: 0x0000000080000136 (0x0000089d) c.addi  a7, 7
core   1: 3 0x0000000080000136 (0x089d) x17 0x000000000000005b
core   1: 0x0000000080000138 (0x0000a8f1) c.j     pc + 220
core   1: 3 0x0000000080000138 (0xa8f1)
core   1: >>>>  spike_exit
core   1: 0x0000000080000214 (0x00000001) c.nop
core   1: 3 0x0000000080000214 (0x0001)
core   1: 0x0000000080000216 (0x00000001) c.nop
core   1: 3 0x0000000080000216 (0x0001)
core   1: 0x0000000080000218 (0x0000bff5) c.j     pc - 4
core   1: 3 0x0000000080000218 (0xbff5)
core   1: >>>>  spike_exit
core   1: 0x0000000080000214 (0x00000001) c.nop
core   1: 3 0x0000000080000214 (0x0001)
core   1: 0x0000000080000216 (0x00000001) c.nop
core   1: 3 0x0000000080000216 (0x0001)
core   0: 0x00000000800001e6 (0x00000585) c.addi  a1, 1
core   0: 3 0x00000000800001e6 (0x0585) x11 0x8000000000000005
core   0: 0x00000000800001e8 (0x00000609) c.addi  a2, 2
core   0: 3 0x00000000800001e8 (0x0609) x12 0x0000000000000006
core   0: 0x00000000800001ea (0x0000068d) c.addi  a3, 3
core   0: 3 0x00000000800001ea (0x068d) x13 0x0000000000000009
core   0: 0x00000000800001ec (0x00000711) c.addi  a4, 4
core   0: 3 0x00000000800001ec (0x0711) x14 0x000000000000000c
core   0: 0x00000000800001ee (0x00000795) c.addi  a5, 5
core   0: 3 0x00000000800001ee (0x0795) x15 0x000000000000000f
core   0: 0x00000000800001f0 (0x00000819) c.addi  a6, 6
core   0: 3 0x00000000800001f0 (0x0819) x16 0x0000000000000012
core   0: 0x00000000800001f2 (0x0000089d) c.addi  a7, 7
core   0: 3 0x00000000800001f2 (0x089d) x17 0x0000000000000015
core   0: 0x00000000800001f4 (0x00000001) c.nop
core   0: 3 0x00000000800001f4 (0x0001)
core   0: 0x00000000800001f6 (0x10500073) wfi
core   0: 3 0x00000000800001f6 (0x10500073)
core   1: 0x0000000080000218 (0x0000bff5) c.j     pc - 4
core   1: 3 0x0000000080000218 (0xbff5)
core   1: >>>>  spike_exit
core   1: 0x0000000080000214 (0x00000001) c.nop
core   1: 3 0x0000000080000214 (0x0001)
core   1: 0x0000000080000216 (0x00000001) c.nop
core   1: 3 0x0000000080000216 (0x0001)
core   1: 0x0000000080000218 (0x0000bff5) c.j     pc - 4
core   1: 3 0x0000000080000218 (0xbff5)
core   1: >>>>  spike_exit
core   1: 0x0000000080000214 (0x00000001) c.nop
core   1: 3 0x0000000080000214 (0x0001)
core   1: 0x0000000080000216 (0x00000001) c.nop
core   1: 3 0x0000000080000216 (0x0001)
core   1: 0x0000000080000218 (0x0000bff5) c.j     pc - 4
core   1: 3 0x0000000080000218 (0xbff5)
core   1: >>>>  spike_exit
core   1: 0x0000000080000214 (0x00000001) c.nop
core   1: 3 0x0000000080000214 (0x0001)
core   1: 0x0000000080000216 (0x00000001) c.nop
core   1: 3 0x0000000080000216 (0x0001)
core   1: 0x0000000080000218 (0x0000bff5) c.j     pc - 4
core   1: 3 0x0000000080000218 (0xbff5)
core   1: >>>>  spike_exit
core   1: 0x0000000080000214 (0x00000001) c.nop
core   1: 3 0x0000000080000214 (0x0001)
core   1: 0x0000000080000216 (0x00000001) c.nop
core   1: 3 0x0000000080000216 (0x0001)
core   1: 0x0000000080000218 (0x0000bff5) c.j     pc - 4
core   1: 3 0x0000000080000218 (0xbff5)
core   1: >>>>  spike_exit
core   1: 0x0000000080000214 (0x00000001) c.nop
core   1: 3 0x0000000080000214 (0x0001)
core   1: 0x0000000080000216 (0x00000001) c.nop
core   1: 3 0x0000000080000216 (0x0001)
core   1: 0x0000000080000218 (0x0000bff5) c.j     pc - 4
core   1: 3 0x0000000080000218 (0xbff5)
core   1: >>>>  spike_exit
core   1: 0x0000000080000214 (0x00000001) c.nop
core   1: 3 0x0000000080000214 (0x0001)
core   1: 0x0000000080000216 (0x00000001) c.nop
core   1: 3 0x0000000080000216 (0x0001)
core   1: 0x0000000080000218 (0x0000bff5) c.j     pc - 4
core   1: 3 0x0000000080000218 (0xbff5)
core   1: >>>>  spike_exit
core   1: 0x0000000080000214 (0x00000001) c.nop
core   1: 3 0x0000000080000214 (0x0001)
core   1: 0x0000000080000216 (0x00000001) c.nop
core   1: 3 0x0000000080000216 (0x0001)
core   1: 0x0000000080000218 (0x0000bff5) c.j     pc - 4
core   1: 3 0x0000000080000218 (0xbff5)
core   1: >>>>  spike_exit
core   1: 0x0000000080000214 (0x00000001) c.nop
core   1: 3 0x0000000080000214 (0x0001)
core   1: 0x0000000080000216 (0x00000001) c.nop
core   1: 3 0x0000000080000216 (0x0001)
core   1: 0x0000000080000218 (0x0000bff5) c.j     pc - 4
